<?xml version="1.0" encoding="UTF-8"?>
<testsuite xmlns:xsi="http://www.w3.org/2001/XMLSchema-instance" xsi:noNamespaceSchemaLocation="https://maven.apache.org/surefire/maven-surefire-plugin/xsd/surefire-test-report-3.0.xsd" version="3.0" name="search.SearchFilterTest" time="0.384" tests="5" errors="0" skipped="0" failures="0">
  <properties>
[...]
</properties>
  <testcase name="initTest" classname="search.SearchFilterTest" time="0.015">
    <system-out><![CDATA[The json file for testing is loaded successfully!
]]></system-out>
  </testcase>
  <testcase name="searchNonExistentFilterTest" classname="search.SearchFilterTest" time="0.001"/>
  <testcase name="test" classname="search.SearchFilterTest" time="0"/>
  <testcase name="InputIncludingNonExistentFilterTest" classname="search.SearchFilterTest" time="0.001"/>
  <testcase name="EquivalentFilterInputTest" classname="search.SearchFilterTest" time="0.001"/>
</testsuite>